<?xml version="1.0" encoding="UTF-8"?>
<!-- Generated by org.testng.reporters.JUnitXMLReporter -->
<testsuite ignored="2" hostname="ip-172-31-18-244" failures="0" tests="1" name="Default test" time="0.028" errors="0" timestamp="16 Jan 2024 02:45:41 GMT">
  <testcase classname="testng.LoanTest" name="TC00_PersonalLoanTest" time="0.004"/>
  <testcase classname="testng.LoanTest" name="TC01_HomeLoanTest" time="0.0">
    <ignored/>
  </testcase> <!-- TC01_HomeLoanTest -->
  <testcase classname="testng.LoanTest" name="TC02_CarLoanTest" time="0.0">
    <ignored/>
  </testcase> <!-- TC02_CarLoanTest -->
</testsuite> <!-- Default test -->
