<?xml version="1.0" encoding="UTF-8"?>
<!-- Generated by org.testng.reporters.JUnitXMLReporter -->
<testsuite ignored="0" hostname="ip-172-31-18-244" failures="0" tests="4" name="Test" time="0.033" errors="0" timestamp="19 Nov 2023 14:20:14 GMT">
  <testcase classname="testng.LoanTest" name="TC00_PersonalLoanTest" time="0.004"/>
  <testcase classname="testng.LoanTest" name="TC01_HomeLoanTest" time="0.001"/>
  <testcase classname="testng.LoanTest" name="TC02_CarLoanTest" time="0.001"/>
  <testcase classname="com.simplilearn.Webdriverproject.AppTest" name="testApp" time="0.002"/>
</testsuite> <!-- Test -->
