<?xml version="1.0" encoding="UTF-8"?>
<testng-results ignored="2" total="4" passed="2" failed="0" skipped="0">
  <reporter-output>
  </reporter-output>
  <suite started-at="2024-02-01T23:15:49Z" name=" Sanity Suite" finished-at="2024-02-01T23:15:49Z" duration-ms="26">
    <groups>
      <group name="sanity">
        <method signature="CardTest.TC01_CreditCardTest()[pri:0, instance:testng.CardTest@44d52de2]" name="TC01_CreditCardTest" class="testng.CardTest"/>
      </group> <!-- sanity -->
    </groups>
    <test started-at="2024-02-01T23:15:49Z" name="Test" finished-at="2024-02-01T23:15:49Z" duration-ms="26">
      <class name="testng.CardTest">
        <test-method signature="TC01_CreditCardTest()[pri:0, instance:testng.CardTest@44d52de2]" started-at="2024-02-01T23:15:49Z" name="TC01_CreditCardTest" finished-at="2024-02-01T23:15:49Z" duration-ms="7" status="PASS">
          <reporter-output>
          </reporter-output>
        </test-method> <!-- TC01_CreditCardTest -->
      </class> <!-- testng.CardTest -->
      <class name="testng.LoanTest">
        <test-method signature="TC01_HomeLoanTest()[pri:0, instance:testng.LoanTest@95e33cc]" started-at="2024-02-01T23:15:49Z" name="TC01_HomeLoanTest" finished-at="2024-02-01T23:15:49Z" duration-ms="1" status="PASS">
          <reporter-output>
          </reporter-output>
        </test-method> <!-- TC01_HomeLoanTest -->
      </class> <!-- testng.LoanTest -->
    </test> <!-- Test -->
  </suite> <!--  Sanity Suite -->
</testng-results>
