<?xml version="1.0" encoding="UTF-8"?>
<!-- Generated by org.testng.reporters.JUnitXMLReporter -->
<testsuite ignored="2" hostname="ip-172-31-18-244" failures="0" tests="2" name="Test" time="0.026" errors="0" timestamp="01 Feb 2024 23:15:49 GMT">
  <testcase classname="testng.CardTest" name="TC01_CreditCardTest" time="0.007"/>
  <testcase classname="testng.LoanTest" name="TC01_HomeLoanTest" time="0.001"/>
  <testcase classname="testng.LoanTest" name="TC02_CarLoanTest" time="0.0">
    <ignored/>
  </testcase> <!-- TC02_CarLoanTest -->
  <testcase classname="testng.LoanTest" name="TC00_PersonalLoanTest" time="0.0">
    <ignored/>
  </testcase> <!-- TC00_PersonalLoanTest -->
</testsuite> <!-- Test -->
